{"D:/IT/React/RS-school/SSR/my2/components/src/entry-client.tsx": {"path":"D:/IT/React/RS-school/SSR/my2/components/src/entry-client.tsx","statementMap":{"0":{"start":{"line":11,"column":15},"end":{"line":11,"column":null}},"1":{"start":{"line":12,"column":0},"end":{"line":12,"column":null}},"2":{"start":{"line":14,"column":0},"end":{"line":19,"column":null}}},"fnMap":{},"branchMap":{},"s":{"0":6,"1":6,"2":6},"f":{},"b":{}}
,"D:/IT/React/RS-school/SSR/my2/components/src/App/App.tsx": {"path":"D:/IT/React/RS-school/SSR/my2/components/src/App/App.tsx","statementMap":{"0":{"start":{"line":1,"column":18},"end":{"line":1,"column":null}},"1":{"start":{"line":10,"column":12},"end":{"line":22,"column":2}},"2":{"start":{"line":11,"column":2},"end":{"line":20,"column":null}},"3":{"start":{"line":22,"column":2},"end":{"line":10,"column":12}},"4":{"start":{"line":24,"column":19},"end":{"line":24,"column":null}}},"fnMap":{"0":{"name":"(anonymous_0)","decl":{"start":{"line":1,"column":18},"end":{"line":1,"column":null}},"loc":{"start":{"line":1,"column":18},"end":{"line":1,"column":null}}},"1":{"name":"App2","decl":{"start":{"line":10,"column":21},"end":{"line":10,"column":27}},"loc":{"start":{"line":10,"column":27},"end":{"line":22,"column":2}}}},"branchMap":{"0":{"loc":{"start":{"line":1,"column":18},"end":{"line":1,"column":null}},"type":"if","locations":[{"start":{"line":1,"column":18},"end":{"line":1,"column":null}}]}},"s":{"0":42,"1":6,"2":6,"3":6,"4":6},"f":{"0":6,"1":6},"b":{"0":[6]}}
,"D:/IT/React/RS-school/SSR/my2/components/src/WrapperApp/WrapperApp.tsx": {"path":"D:/IT/React/RS-school/SSR/my2/components/src/WrapperApp/WrapperApp.tsx","statementMap":{"0":{"start":{"line":7,"column":4},"end":{"line":10,"column":null}}},"fnMap":{"0":{"name":"(anonymous_0)","decl":{"start":{"line":6,"column":2},"end":{"line":6,"column":11}},"loc":{"start":{"line":6,"column":11},"end":{"line":12,"column":null}}}},"branchMap":{},"s":{"0":6},"f":{"0":6},"b":{}}
,"D:/IT/React/RS-school/SSR/my2/components/src/components/Board/Board.tsx": {"path":"D:/IT/React/RS-school/SSR/my2/components/src/components/Board/Board.tsx","statementMap":{"0":{"start":{"line":10,"column":18},"end":{"line":66,"column":2}},"1":{"start":{"line":10,"column":35},"end":{"line":10,"column":null}},"2":{"start":{"line":11,"column":44},"end":{"line":11,"column":null}},"3":{"start":{"line":12,"column":40},"end":{"line":12,"column":null}},"4":{"start":{"line":14,"column":16},"end":{"line":14,"column":null}},"5":{"start":{"line":14,"column":42},"end":{"line":14,"column":64}},"6":{"start":{"line":15,"column":40},"end":{"line":15,"column":null}},"7":{"start":{"line":16,"column":19},"end":{"line":16,"column":null}},"8":{"start":{"line":25,"column":2},"end":{"line":34,"column":null}},"9":{"start":{"line":27,"column":6},"end":{"line":27,"column":null}},"10":{"start":{"line":35,"column":2},"end":{"line":64,"column":null}},"11":{"start":{"line":40,"column":8},"end":{"line":45,"column":null}},"12":{"start":{"line":41,"column":10},"end":{"line":44,"column":null}},"13":{"start":{"line":42,"column":12},"end":{"line":42,"column":null}},"14":{"start":{"line":43,"column":12},"end":{"line":43,"column":null}},"15":{"start":{"line":55,"column":44},"end":{"line":55,"column":93}},"16":{"start":{"line":66,"column":2},"end":{"line":16,"column":34}},"17":{"start":{"line":10,"column":15},"end":{"line":16,"column":34}},"18":{"start":{"line":16,"column":33},"end":{"line":10,"column":15}},"19":{"start":{"line":68,"column":21},"end":{"line":68,"column":null}}},"fnMap":{"0":{"name":"Board2","decl":{"start":{"line":10,"column":27},"end":{"line":10,"column":35}},"loc":{"start":{"line":10,"column":35},"end":{"line":66,"column":2}}},"1":{"name":"(anonymous_2)","decl":{"start":{"line":14,"column":32},"end":{"line":14,"column":42}},"loc":{"start":{"line":14,"column":42},"end":{"line":14,"column":64}}},"2":{"name":"(anonymous_3)","decl":{"start":{"line":39,"column":15},"end":{"line":39,"column":16}},"loc":{"start":{"line":39,"column":74},"end":{"line":46,"column":null}}},"3":{"name":"(anonymous_4)","decl":{"start":{"line":55,"column":27},"end":{"line":55,"column":28}},"loc":{"start":{"line":55,"column":44},"end":{"line":55,"column":93}}},"4":{"name":"(anonymous_5)","decl":{"start":{"line":10,"column":15},"end":{"line":10,"column":18}},"loc":{"start":{"line":10,"column":15},"end":{"line":16,"column":34}}}},"branchMap":{"0":{"loc":{"start":{"line":25,"column":2},"end":{"line":34,"column":null}},"type":"if","locations":[{"start":{"line":25,"column":2},"end":{"line":34,"column":null}}]},"1":{"loc":{"start":{"line":25,"column":6},"end":{"line":25,"column":47}},"type":"binary-expr","locations":[{"start":{"line":25,"column":6},"end":{"line":25,"column":32}},{"start":{"line":25,"column":32},"end":{"line":25,"column":47}}]},"2":{"loc":{"start":{"line":40,"column":8},"end":{"line":45,"column":null}},"type":"if","locations":[{"start":{"line":40,"column":8},"end":{"line":45,"column":null}}]},"3":{"loc":{"start":{"line":41,"column":10},"end":{"line":44,"column":null}},"type":"if","locations":[{"start":{"line":41,"column":10},"end":{"line":44,"column":null}}]},"4":{"loc":{"start":{"line":48,"column":7},"end":{"line":55,"column":null}},"type":"cond-expr","locations":[{"start":{"line":49,"column":8},"end":{"line":49,"column":null}},{"start":{"line":50,"column":10},"end":{"line":55,"column":null}}]},"5":{"loc":{"start":{"line":50,"column":10},"end":{"line":55,"column":null}},"type":"cond-expr","locations":[{"start":{"line":51,"column":8},"end":{"line":51,"column":null}},{"start":{"line":52,"column":10},"end":{"line":55,"column":null}}]},"6":{"loc":{"start":{"line":52,"column":10},"end":{"line":55,"column":null}},"type":"cond-expr","locations":[{"start":{"line":53,"column":8},"end":{"line":53,"column":null}},{"start":{"line":55,"column":8},"end":{"line":55,"column":null}}]},"7":{"loc":{"start":{"line":57,"column":7},"end":{"line":62,"column":null}},"type":"binary-expr","locations":[{"start":{"line":57,"column":7},"end":{"line":57,"column":null}},{"start":{"line":58,"column":8},"end":{"line":62,"column":null}}]}},"s":{"0":6,"1":3,"2":3,"3":3,"4":3,"5":7,"6":3,"7":3,"8":3,"9":1,"10":3,"11":0,"12":0,"13":0,"14":0,"15":0,"16":6,"17":1,"18":6,"19":6},"f":{"0":3,"1":7,"2":0,"3":0,"4":1},"b":{"0":[1],"1":[3,3],"2":[0],"3":[0],"4":[2,1],"5":[1,0],"6":[0,0],"7":[3,0]}}
,"D:/IT/React/RS-school/SSR/my2/components/src/components/Card/Card.tsx": {"path":"D:/IT/React/RS-school/SSR/my2/components/src/components/Card/Card.tsx","statementMap":{"0":{"start":{"line":1,"column":37},"end":{"line":1,"column":null}},"1":{"start":{"line":15,"column":13},"end":{"line":24,"column":2}},"2":{"start":{"line":16,"column":2},"end":{"line":22,"column":null}},"3":{"start":{"line":24,"column":2},"end":{"line":15,"column":13}},"4":{"start":{"line":26,"column":20},"end":{"line":26,"column":null}}},"fnMap":{"0":{"name":"(anonymous_0)","decl":{"start":{"line":1,"column":37},"end":{"line":1,"column":null}},"loc":{"start":{"line":1,"column":37},"end":{"line":1,"column":null}}},"1":{"name":"Card2","decl":{"start":{"line":15,"column":22},"end":{"line":15,"column":27}},"loc":{"start":{"line":15,"column":43},"end":{"line":24,"column":2}}}},"branchMap":{"0":{"loc":{"start":{"line":1,"column":37},"end":{"line":1,"column":null}},"type":"if","locations":[{"start":{"line":1,"column":37},"end":{"line":1,"column":null}}]}},"s":{"0":42,"1":6,"2":0,"3":6,"4":6},"f":{"0":6,"1":0},"b":{"0":[6]}}
,"D:/IT/React/RS-school/SSR/my2/components/src/components/FormCard/FormCard.tsx": {"path":"D:/IT/React/RS-school/SSR/my2/components/src/components/FormCard/FormCard.tsx","statementMap":{"0":{"start":{"line":1,"column":45},"end":{"line":1,"column":null}},"1":{"start":{"line":6,"column":70},"end":{"line":6,"column":null}},"2":{"start":{"line":7,"column":2},"end":{"line":18,"column":null}},"3":{"start":{"line":20,"column":1},"end":{"line":5,"column":18}},"4":{"start":{"line":22,"column":24},"end":{"line":22,"column":null}}},"fnMap":{"0":{"name":"(anonymous_0)","decl":{"start":{"line":1,"column":45},"end":{"line":1,"column":null}},"loc":{"start":{"line":1,"column":45},"end":{"line":1,"column":null}}},"1":{"name":"FormCard","decl":{"start":{"line":5,"column":9},"end":{"line":5,"column":18}},"loc":{"start":{"line":5,"column":37},"end":{"line":20,"column":1}}}},"branchMap":{"0":{"loc":{"start":{"line":1,"column":45},"end":{"line":1,"column":null}},"type":"if","locations":[{"start":{"line":1,"column":45},"end":{"line":1,"column":null}}]}},"s":{"0":42,"1":2,"2":2,"3":6,"4":6},"f":{"0":6,"1":2},"b":{"0":[6]}}
,"D:/IT/React/RS-school/SSR/my2/components/src/components/Header/Header.tsx": {"path":"D:/IT/React/RS-school/SSR/my2/components/src/components/Header/Header.tsx","statementMap":{"0":{"start":{"line":6,"column":10},"end":{"line":8,"column":null}},"1":{"start":{"line":10,"column":17},"end":{"line":10,"column":null}},"2":{"start":{"line":11,"column":4},"end":{"line":27,"column":null}},"3":{"start":{"line":12,"column":6},"end":{"line":14,"column":null}},"4":{"start":{"line":15,"column":4},"end":{"line":27,"column":null}},"5":{"start":{"line":16,"column":6},"end":{"line":18,"column":null}},"6":{"start":{"line":19,"column":4},"end":{"line":27,"column":null}},"7":{"start":{"line":20,"column":6},"end":{"line":22,"column":null}},"8":{"start":{"line":24,"column":6},"end":{"line":26,"column":null}},"9":{"start":{"line":29,"column":20},"end":{"line":33,"column":null}},"10":{"start":{"line":30,"column":4},"end":{"line":32,"column":null}},"11":{"start":{"line":35,"column":4},"end":{"line":67,"column":null}}},"fnMap":{"0":{"name":"(anonymous_0)","decl":{"start":{"line":9,"column":2},"end":{"line":9,"column":22}},"loc":{"start":{"line":9,"column":22},"end":{"line":28,"column":null}}},"1":{"name":"(anonymous_1)","decl":{"start":{"line":29,"column":20},"end":{"line":29,"column":21}},"loc":{"start":{"line":29,"column":64},"end":{"line":33,"column":null}}},"2":{"name":"(anonymous_2)","decl":{"start":{"line":34,"column":2},"end":{"line":34,"column":11}},"loc":{"start":{"line":34,"column":11},"end":{"line":69,"column":null}}}},"branchMap":{"0":{"loc":{"start":{"line":11,"column":4},"end":{"line":27,"column":null}},"type":"if","locations":[{"start":{"line":11,"column":4},"end":{"line":27,"column":null}},{"start":{"line":15,"column":4},"end":{"line":27,"column":null}}]},"1":{"loc":{"start":{"line":15,"column":4},"end":{"line":27,"column":null}},"type":"if","locations":[{"start":{"line":15,"column":4},"end":{"line":27,"column":null}},{"start":{"line":19,"column":4},"end":{"line":27,"column":null}}]},"2":{"loc":{"start":{"line":19,"column":4},"end":{"line":27,"column":null}},"type":"if","locations":[{"start":{"line":19,"column":4},"end":{"line":27,"column":null}},{"start":{"line":23,"column":11},"end":{"line":27,"column":null}}]}},"s":{"0":6,"1":6,"2":6,"3":1,"4":5,"5":1,"6":4,"7":3,"8":1,"9":6,"10":0,"11":12},"f":{"0":6,"1":0,"2":12},"b":{"0":[1,5],"1":[1,4],"2":[3,1]}}
,"D:/IT/React/RS-school/SSR/my2/components/src/components/Loader/Loader.tsx": {"path":"D:/IT/React/RS-school/SSR/my2/components/src/components/Loader/Loader.tsx","statementMap":{"0":{"start":{"line":1,"column":25},"end":{"line":1,"column":null}},"1":{"start":{"line":5,"column":2},"end":{"line":10,"column":null}},"2":{"start":{"line":12,"column":1},"end":{"line":4,"column":30}},"3":{"start":{"line":4,"column":30},"end":{"line":4,"column":33}}},"fnMap":{"0":{"name":"(anonymous_0)","decl":{"start":{"line":1,"column":25},"end":{"line":1,"column":null}},"loc":{"start":{"line":1,"column":25},"end":{"line":1,"column":null}}},"1":{"name":"Loader","decl":{"start":{"line":4,"column":24},"end":{"line":4,"column":30}},"loc":{"start":{"line":4,"column":33},"end":{"line":12,"column":1}}}},"branchMap":{"0":{"loc":{"start":{"line":1,"column":25},"end":{"line":1,"column":null}},"type":"if","locations":[{"start":{"line":1,"column":25},"end":{"line":1,"column":null}}]}},"s":{"0":42,"1":2,"2":6,"3":6},"f":{"0":6,"1":2},"b":{"0":[6]}}
,"D:/IT/React/RS-school/SSR/my2/components/src/components/Modal/Modal.tsx": {"path":"D:/IT/React/RS-school/SSR/my2/components/src/components/Modal/Modal.tsx","statementMap":{"0":{"start":{"line":1,"column":59},"end":{"line":1,"column":null}},"1":{"start":{"line":9,"column":5},"end":{"line":37,"column":2}},"2":{"start":{"line":10,"column":2},"end":{"line":35,"column":null}},"3":{"start":{"line":14,"column":21},"end":{"line":14,"column":null}},"4":{"start":{"line":18,"column":24},"end":{"line":18,"column":null}},"5":{"start":{"line":21,"column":53},"end":{"line":21,"column":71}},"6":{"start":{"line":37,"column":2},"end":{"line":5,"column":null}},"7":{"start":{"line":39,"column":21},"end":{"line":39,"column":null}}},"fnMap":{"0":{"name":"(anonymous_0)","decl":{"start":{"line":1,"column":59},"end":{"line":1,"column":null}},"loc":{"start":{"line":1,"column":59},"end":{"line":1,"column":null}}},"1":{"name":"(anonymous_1)","decl":{"start":{"line":9,"column":5},"end":{"line":9,"column":6}},"loc":{"start":{"line":9,"column":38},"end":{"line":37,"column":2}}},"2":{"name":"(anonymous_2)","decl":{"start":{"line":14,"column":15},"end":{"line":14,"column":21}},"loc":{"start":{"line":14,"column":21},"end":{"line":14,"column":null}}},"3":{"name":"(anonymous_3)","decl":{"start":{"line":18,"column":18},"end":{"line":18,"column":24}},"loc":{"start":{"line":18,"column":24},"end":{"line":18,"column":null}}},"4":{"name":"(anonymous_4)","decl":{"start":{"line":21,"column":47},"end":{"line":21,"column":53}},"loc":{"start":{"line":21,"column":53},"end":{"line":21,"column":71}}}},"branchMap":{"0":{"loc":{"start":{"line":1,"column":59},"end":{"line":1,"column":null}},"type":"if","locations":[{"start":{"line":1,"column":59},"end":{"line":1,"column":null}}]},"1":{"loc":{"start":{"line":13,"column":17},"end":{"line":13,"column":null}},"type":"cond-expr","locations":[{"start":{"line":13,"column":26},"end":{"line":13,"column":46}},{"start":{"line":13,"column":46},"end":{"line":13,"column":null}}]},"2":{"loc":{"start":{"line":17,"column":19},"end":{"line":17,"column":null}},"type":"cond-expr","locations":[{"start":{"line":17,"column":28},"end":{"line":17,"column":55}},{"start":{"line":17,"column":55},"end":{"line":17,"column":null}}]}},"s":{"0":42,"1":6,"2":0,"3":0,"4":0,"5":0,"6":6,"7":6},"f":{"0":6,"1":0,"2":0,"3":0,"4":0},"b":{"0":[6],"1":[0,0],"2":[0,0]}}
,"D:/IT/React/RS-school/SSR/my2/components/src/components/Search/Search.tsx": {"path":"D:/IT/React/RS-school/SSR/my2/components/src/components/Search/Search.tsx","statementMap":{"0":{"start":{"line":7,"column":15},"end":{"line":36,"column":2}},"1":{"start":{"line":7,"column":33},"end":{"line":7,"column":null}},"2":{"start":{"line":8,"column":15},"end":{"line":8,"column":null}},"3":{"start":{"line":8,"column":41},"end":{"line":8,"column":63}},"4":{"start":{"line":9,"column":38},"end":{"line":9,"column":null}},"5":{"start":{"line":10,"column":19},"end":{"line":10,"column":null}},"6":{"start":{"line":12,"column":24},"end":{"line":20,"column":null}},"7":{"start":{"line":13,"column":4},"end":{"line":19,"column":null}},"8":{"start":{"line":14,"column":6},"end":{"line":16,"column":null}},"9":{"start":{"line":15,"column":8},"end":{"line":15,"column":null}},"10":{"start":{"line":18,"column":6},"end":{"line":18,"column":null}},"11":{"start":{"line":22,"column":2},"end":{"line":34,"column":null}},"12":{"start":{"line":28,"column":10},"end":{"line":28,"column":null}},"13":{"start":{"line":36,"column":2},"end":{"line":10,"column":34}},"14":{"start":{"line":7,"column":12},"end":{"line":10,"column":34}},"15":{"start":{"line":10,"column":33},"end":{"line":7,"column":12}},"16":{"start":{"line":38,"column":22},"end":{"line":38,"column":null}}},"fnMap":{"0":{"name":"Search2","decl":{"start":{"line":7,"column":24},"end":{"line":7,"column":33}},"loc":{"start":{"line":7,"column":33},"end":{"line":36,"column":2}}},"1":{"name":"(anonymous_2)","decl":{"start":{"line":8,"column":31},"end":{"line":8,"column":41}},"loc":{"start":{"line":8,"column":41},"end":{"line":8,"column":63}}},"2":{"name":"(anonymous_3)","decl":{"start":{"line":12,"column":24},"end":{"line":12,"column":31}},"loc":{"start":{"line":12,"column":70},"end":{"line":20,"column":null}}},"3":{"name":"(anonymous_4)","decl":{"start":{"line":27,"column":18},"end":{"line":27,"column":19}},"loc":{"start":{"line":27,"column":66},"end":{"line":29,"column":null}}},"4":{"name":"(anonymous_5)","decl":{"start":{"line":7,"column":12},"end":{"line":7,"column":15}},"loc":{"start":{"line":7,"column":12},"end":{"line":10,"column":34}}}},"branchMap":{"0":{"loc":{"start":{"line":9,"column":47},"end":{"line":9,"column":57}},"type":"binary-expr","locations":[{"start":{"line":9,"column":47},"end":{"line":9,"column":55}},{"start":{"line":9,"column":55},"end":{"line":9,"column":57}}]},"1":{"loc":{"start":{"line":14,"column":6},"end":{"line":16,"column":null}},"type":"if","locations":[{"start":{"line":14,"column":6},"end":{"line":16,"column":null}}]}},"s":{"0":6,"1":2,"2":2,"3":6,"4":2,"5":2,"6":2,"7":0,"8":0,"9":0,"10":0,"11":2,"12":0,"13":6,"14":1,"15":6,"16":6},"f":{"0":2,"1":6,"2":0,"3":0,"4":1},"b":{"0":[2,1],"1":[0]}}
,"D:/IT/React/RS-school/SSR/my2/components/src/components/ShowSend/ShowSend.tsx": {"path":"D:/IT/React/RS-school/SSR/my2/components/src/components/ShowSend/ShowSend.tsx","statementMap":{"0":{"start":{"line":8,"column":4},"end":{"line":8,"column":null}},"1":{"start":{"line":11,"column":4},"end":{"line":11,"column":null}}},"fnMap":{"0":{"name":"(anonymous_0)","decl":{"start":{"line":7,"column":2},"end":{"line":7,"column":14}},"loc":{"start":{"line":7,"column":36},"end":{"line":9,"column":null}}},"1":{"name":"(anonymous_1)","decl":{"start":{"line":10,"column":2},"end":{"line":10,"column":11}},"loc":{"start":{"line":10,"column":11},"end":{"line":12,"column":null}}}},"branchMap":{},"s":{"0":1,"1":2},"f":{"0":1,"1":2},"b":{}}
,"D:/IT/React/RS-school/SSR/my2/components/src/pages/About/About.tsx": {"path":"D:/IT/React/RS-school/SSR/my2/components/src/pages/About/About.tsx","statementMap":{"0":{"start":{"line":1,"column":25},"end":{"line":1,"column":null}},"1":{"start":{"line":4,"column":14},"end":{"line":10,"column":2}},"2":{"start":{"line":5,"column":2},"end":{"line":8,"column":null}},"3":{"start":{"line":10,"column":2},"end":{"line":4,"column":14}},"4":{"start":{"line":12,"column":21},"end":{"line":12,"column":null}}},"fnMap":{"0":{"name":"(anonymous_0)","decl":{"start":{"line":1,"column":25},"end":{"line":1,"column":null}},"loc":{"start":{"line":1,"column":25},"end":{"line":1,"column":null}}},"1":{"name":"About2","decl":{"start":{"line":4,"column":23},"end":{"line":4,"column":31}},"loc":{"start":{"line":4,"column":31},"end":{"line":10,"column":2}}}},"branchMap":{"0":{"loc":{"start":{"line":1,"column":25},"end":{"line":1,"column":null}},"type":"if","locations":[{"start":{"line":1,"column":25},"end":{"line":1,"column":null}}]}},"s":{"0":42,"1":6,"2":1,"3":6,"4":6},"f":{"0":6,"1":1},"b":{"0":[6]}}
,"D:/IT/React/RS-school/SSR/my2/components/src/pages/Error404/Error.tsx": {"path":"D:/IT/React/RS-school/SSR/my2/components/src/pages/Error404/Error.tsx","statementMap":{"0":{"start":{"line":1,"column":25},"end":{"line":1,"column":null}},"1":{"start":{"line":5,"column":14},"end":{"line":11,"column":2}},"2":{"start":{"line":6,"column":2},"end":{"line":9,"column":null}},"3":{"start":{"line":11,"column":2},"end":{"line":5,"column":14}},"4":{"start":{"line":12,"column":21},"end":{"line":12,"column":null}}},"fnMap":{"0":{"name":"(anonymous_0)","decl":{"start":{"line":1,"column":25},"end":{"line":1,"column":null}},"loc":{"start":{"line":1,"column":25},"end":{"line":1,"column":null}}},"1":{"name":"Error2","decl":{"start":{"line":5,"column":23},"end":{"line":5,"column":29}},"loc":{"start":{"line":5,"column":48},"end":{"line":11,"column":2}}}},"branchMap":{"0":{"loc":{"start":{"line":1,"column":25},"end":{"line":1,"column":null}},"type":"if","locations":[{"start":{"line":1,"column":25},"end":{"line":1,"column":null}}]}},"s":{"0":42,"1":6,"2":1,"3":6,"4":6},"f":{"0":6,"1":1},"b":{"0":[6]}}
,"D:/IT/React/RS-school/SSR/my2/components/src/pages/FormPage/FormPage.tsx": {"path":"D:/IT/React/RS-school/SSR/my2/components/src/pages/FormPage/FormPage.tsx","statementMap":{"0":{"start":{"line":12,"column":20},"end":{"line":12,"column":null}},"1":{"start":{"line":13,"column":16},"end":{"line":13,"column":null}},"2":{"start":{"line":13,"column":42},"end":{"line":13,"column":58}},"3":{"start":{"line":14,"column":15},"end":{"line":14,"column":null}},"4":{"start":{"line":14,"column":41},"end":{"line":14,"column":57}},"5":{"start":{"line":15,"column":19},"end":{"line":15,"column":null}},"6":{"start":{"line":22,"column":6},"end":{"line":22,"column":null}},"7":{"start":{"line":24,"column":19},"end":{"line":30,"column":null}},"8":{"start":{"line":25,"column":4},"end":{"line":25,"column":null}},"9":{"start":{"line":26,"column":4},"end":{"line":26,"column":null}},"10":{"start":{"line":28,"column":4},"end":{"line":28,"column":null}},"11":{"start":{"line":29,"column":4},"end":{"line":29,"column":null}},"12":{"start":{"line":32,"column":4},"end":{"line":34,"column":null}},"13":{"start":{"line":33,"column":6},"end":{"line":33,"column":null}},"14":{"start":{"line":36,"column":2},"end":{"line":150,"column":null}},"15":{"start":{"line":147,"column":10},"end":{"line":147,"column":null}},"16":{"start":{"line":152,"column":1},"end":{"line":22,"column":20}},"17":{"start":{"line":12,"column":17},"end":{"line":22,"column":20}},"18":{"start":{"line":22,"column":13},"end":{"line":12,"column":17}},"19":{"start":{"line":154,"column":24},"end":{"line":154,"column":null}}},"fnMap":{"0":{"name":"FormPage","decl":{"start":{"line":12,"column":9},"end":{"line":12,"column":17}},"loc":{"start":{"line":12,"column":20},"end":{"line":152,"column":1}}},"1":{"name":"(anonymous_2)","decl":{"start":{"line":13,"column":32},"end":{"line":13,"column":42}},"loc":{"start":{"line":13,"column":42},"end":{"line":13,"column":58}}},"2":{"name":"(anonymous_3)","decl":{"start":{"line":14,"column":31},"end":{"line":14,"column":41}},"loc":{"start":{"line":14,"column":41},"end":{"line":14,"column":57}}},"3":{"name":"(anonymous_4)","decl":{"start":{"line":24,"column":19},"end":{"line":24,"column":20}},"loc":{"start":{"line":24,"column":35},"end":{"line":30,"column":null}}},"4":{"name":"clearShow","decl":{"start":{"line":31,"column":11},"end":{"line":31,"column":23}},"loc":{"start":{"line":31,"column":23},"end":{"line":35,"column":null}}},"5":{"name":"(anonymous_6)","decl":{"start":{"line":32,"column":15},"end":{"line":32,"column":21}},"loc":{"start":{"line":32,"column":21},"end":{"line":34,"column":7}}},"6":{"name":"(anonymous_7)","decl":{"start":{"line":146,"column":19},"end":{"line":146,"column":20}},"loc":{"start":{"line":147,"column":10},"end":{"line":147,"column":null}}},"7":{"name":"(anonymous_8)","decl":{"start":{"line":12,"column":17},"end":{"line":12,"column":20}},"loc":{"start":{"line":12,"column":17},"end":{"line":22,"column":20}}}},"branchMap":{"0":{"loc":{"start":{"line":121,"column":11},"end":{"line":121,"column":null}},"type":"binary-expr","locations":[{"start":{"line":121,"column":11},"end":{"line":121,"column":31}},{"start":{"line":121,"column":31},"end":{"line":121,"column":null}}]},"1":{"loc":{"start":{"line":136,"column":11},"end":{"line":136,"column":null}},"type":"binary-expr","locations":[{"start":{"line":136,"column":11},"end":{"line":136,"column":27}},{"start":{"line":136,"column":27},"end":{"line":136,"column":null}}]},"2":{"loc":{"start":{"line":138,"column":9},"end":{"line":138,"column":null}},"type":"binary-expr","locations":[{"start":{"line":138,"column":9},"end":{"line":138,"column":17}},{"start":{"line":138,"column":17},"end":{"line":138,"column":null}}]}},"s":{"0":6,"1":6,"2":8,"3":6,"4":8,"5":6,"6":6,"7":6,"8":1,"9":1,"10":1,"11":1,"12":1,"13":0,"14":6,"15":2,"16":6,"17":3,"18":6,"19":6},"f":{"0":6,"1":8,"2":8,"3":1,"4":1,"5":0,"6":2,"7":3},"b":{"0":[6,1],"1":[6,1],"2":[6,2]}}
,"D:/IT/React/RS-school/SSR/my2/components/src/pages/Main/Main.tsx": {"path":"D:/IT/React/RS-school/SSR/my2/components/src/pages/Main/Main.tsx","statementMap":{"0":{"start":{"line":1,"column":51},"end":{"line":1,"column":null}},"1":{"start":{"line":17,"column":13},"end":{"line":28,"column":2}},"2":{"start":{"line":18,"column":2},"end":{"line":26,"column":null}},"3":{"start":{"line":28,"column":2},"end":{"line":17,"column":13}},"4":{"start":{"line":30,"column":20},"end":{"line":30,"column":null}}},"fnMap":{"0":{"name":"(anonymous_0)","decl":{"start":{"line":1,"column":51},"end":{"line":1,"column":null}},"loc":{"start":{"line":1,"column":51},"end":{"line":1,"column":null}}},"1":{"name":"Main2","decl":{"start":{"line":17,"column":22},"end":{"line":17,"column":29}},"loc":{"start":{"line":17,"column":29},"end":{"line":28,"column":2}}}},"branchMap":{"0":{"loc":{"start":{"line":1,"column":51},"end":{"line":1,"column":null}},"type":"if","locations":[{"start":{"line":1,"column":51},"end":{"line":1,"column":null}}]}},"s":{"0":42,"1":6,"2":1,"3":6,"4":6},"f":{"0":6,"1":1},"b":{"0":[6]}}
,"D:/IT/React/RS-school/SSR/my2/components/src/services/CardsService.ts": {"path":"D:/IT/React/RS-school/SSR/my2/components/src/services/CardsService.ts","statementMap":{"0":{"start":{"line":3,"column":15},"end":{"line":3,"column":null}},"1":{"start":{"line":4,"column":16},"end":{"line":4,"column":null}},"2":{"start":{"line":11,"column":24},"end":{"line":25,"column":null}},"3":{"start":{"line":14,"column":27},"end":{"line":24,"column":null}},"4":{"start":{"line":17,"column":8},"end":{"line":21,"column":null}},"5":{"start":{"line":18,"column":10},"end":{"line":18,"column":null}},"6":{"start":{"line":20,"column":10},"end":{"line":20,"column":null}}},"fnMap":{"0":{"name":"(anonymous_0)","decl":{"start":{"line":14,"column":13},"end":{"line":14,"column":14}},"loc":{"start":{"line":14,"column":27},"end":{"line":24,"column":null}}},"1":{"name":"(anonymous_1)","decl":{"start":{"line":16,"column":13},"end":{"line":16,"column":14}},"loc":{"start":{"line":16,"column":23},"end":{"line":22,"column":null}}}},"branchMap":{"0":{"loc":{"start":{"line":17,"column":8},"end":{"line":21,"column":null}},"type":"if","locations":[{"start":{"line":17,"column":8},"end":{"line":21,"column":null}},{"start":{"line":19,"column":15},"end":{"line":21,"column":null}}]}},"s":{"0":6,"1":6,"2":6,"3":6,"4":2,"5":1,"6":1},"f":{"0":6,"1":2},"b":{"0":[1,1]}}
,"D:/IT/React/RS-school/SSR/my2/components/src/store/Cards.ts": {"path":"D:/IT/React/RS-school/SSR/my2/components/src/store/Cards.ts","statementMap":{"0":{"start":{"line":8,"column":29},"end":{"line":10,"column":null}},"1":{"start":{"line":12,"column":26},"end":{"line":20,"column":null}},"2":{"start":{"line":17,"column":6},"end":{"line":17,"column":null}},"3":{"start":{"line":21,"column":34},"end":{"line":21,"column":null}}},"fnMap":{"0":{"name":"(anonymous_0)","decl":{"start":{"line":16,"column":4},"end":{"line":16,"column":19}},"loc":{"start":{"line":16,"column":39},"end":{"line":18,"column":null}}}},"branchMap":{},"s":{"0":6,"1":6,"2":1,"3":6},"f":{"0":1},"b":{}}
,"D:/IT/React/RS-school/SSR/my2/components/src/store/Form.ts": {"path":"D:/IT/React/RS-school/SSR/my2/components/src/store/Form.ts","statementMap":{"0":{"start":{"line":9,"column":29},"end":{"line":12,"column":null}},"1":{"start":{"line":14,"column":25},"end":{"line":33,"column":null}},"2":{"start":{"line":19,"column":6},"end":{"line":19,"column":null}},"3":{"start":{"line":22,"column":33},"end":{"line":29,"column":null}},"4":{"start":{"line":30,"column":6},"end":{"line":30,"column":null}},"5":{"start":{"line":34,"column":54},"end":{"line":34,"column":null}}},"fnMap":{"0":{"name":"(anonymous_0)","decl":{"start":{"line":18,"column":4},"end":{"line":18,"column":26}},"loc":{"start":{"line":18,"column":46},"end":{"line":20,"column":null}}},"1":{"name":"(anonymous_1)","decl":{"start":{"line":21,"column":4},"end":{"line":21,"column":16}},"loc":{"start":{"line":21,"column":36},"end":{"line":31,"column":null}}}},"branchMap":{},"s":{"0":6,"1":6,"2":1,"3":1,"4":1,"5":6},"f":{"0":1,"1":1},"b":{}}
,"D:/IT/React/RS-school/SSR/my2/components/src/store/index.ts": {"path":"D:/IT/React/RS-school/SSR/my2/components/src/store/index.ts","statementMap":{"0":{"start":{"line":6,"column":21},"end":{"line":10,"column":null}},"1":{"start":{"line":12,"column":21},"end":{"line":20,"column":null}},"2":{"start":{"line":13,"column":2},"end":{"line":20,"column":null}},"3":{"start":{"line":17,"column":6},"end":{"line":19,"column":null}}},"fnMap":{"0":{"name":"(anonymous_0)","decl":{"start":{"line":12,"column":21},"end":{"line":12,"column":22}},"loc":{"start":{"line":13,"column":2},"end":{"line":20,"column":null}}},"1":{"name":"(anonymous_1)","decl":{"start":{"line":16,"column":16},"end":{"line":16,"column":17}},"loc":{"start":{"line":17,"column":6},"end":{"line":19,"column":null}}}},"branchMap":{},"s":{"0":6,"1":6,"2":6,"3":6},"f":{"0":6,"1":6},"b":{}}
,"D:/IT/React/RS-school/SSR/my2/components/src/store/hooks/useTypedSelector.ts": {"path":"D:/IT/React/RS-school/SSR/my2/components/src/store/hooks/useTypedSelector.ts","statementMap":{"0":{"start":{"line":5,"column":49},"end":{"line":5,"column":null}},"1":{"start":{"line":6,"column":63},"end":{"line":6,"column":null}}},"fnMap":{},"branchMap":{},"s":{"0":6,"1":6},"f":{},"b":{}}
}
